<?xml version="1.0" encoding="UTF-8"?>
<!-- Generated by org.testng.reporters.JUnitReportReporter -->
<testsuite hostname="LAPTOP-7IMNLEOL" failures="0" tests="2" name="fbPackage.WalletHubTestCase2" time="55.486" errors="0" timestamp="22 Oct 2019 18:26:13 GMT" skipped="1">
  <testcase classname="fbPackage.WalletHubTestCase2" name="postedReviewValidation" time="55.486"/>
  <testcase classname="fbPackage.WalletHubTestCase2" name="walletHubReview">
    <skipped/>
  </testcase> <!-- walletHubReview -->
</testsuite> <!-- fbPackage.WalletHubTestCase2 -->
