<?xml version="1.0" encoding="UTF-8"?>
<!-- Generated by org.testng.reporters.JUnitReportReporter -->
<testsuite hostname="LAPTOP-7IMNLEOL" failures="0" tests="1" name="fbPackage.TestCase" time="27.517" errors="0" timestamp="21 Oct 2019 00:05:21 GMT" skipped="0">
  <testcase classname="fbPackage.TestCase" name="fbLoginTest" time="27.517"/>
</testsuite> <!-- fbPackage.TestCase -->
